<?xml version="1.0" encoding="UTF-8"?>
<!-- Generated by org.testng.reporters.JUnitXMLReporter -->
<testsuite hostname="Preethy" ignored="0" name="EdgeTest" tests="9" failures="3" timestamp="2023-04-22T16:55:34 IST" time="51.149" errors="0">
  <testcase name="loginwithInValidusernameandInValidPassword" time="0.452" classname="com.obsqura.testscripts.LoginTest">
    <failure type="java.lang.AssertionError" message="Login not succesfully and not navigated to corresponding page expected [https://groceryapp.uniqassosiates.com/admin] but found [https://groceryapp.uniqassosiates.com/admin/login]">
      <![CDATA[java.lang.AssertionError: Login not succesfully and not navigated to corresponding page expected [https://groceryapp.uniqassosiates.com/admin] but found [https://groceryapp.uniqassosiates.com/admin/login]
at com.obsqura.testscripts.LoginTest.loginwithInValidusernameandInValidPassword(LoginTest.java:110)
at java.util.ArrayList.forEach(Unknown Source)
... Removed 32 stack frames]]>
    </failure>
  </testcase> <!-- loginwithInValidusernameandInValidPassword -->
  <testcase name="loginwithInValidusernameandvalidPassword" time="0.247" classname="com.obsqura.testscripts.LoginTest">
    <failure type="java.lang.AssertionError" message="Wrong username and password expected [false] but found [true]">
      <![CDATA[java.lang.AssertionError: Wrong username and password expected [false] but found [true]
at com.obsqura.testscripts.LoginTest.loginwithInValidusernameandvalidPassword(LoginTest.java:55)
at java.util.ArrayList.forEach(Unknown Source)
... Removed 32 stack frames]]>
    </failure>
  </testcase> <!-- loginwithInValidusernameandvalidPassword -->
  <testcase name="loginwithValidusernameandInValidPassword" time="0.265" classname="com.obsqura.testscripts.LoginTest">
    <failure type="java.lang.AssertionError" message="Wrong username and password expected [true] but found [false]">
      <![CDATA[java.lang.AssertionError: Wrong username and password expected [true] but found [false]
at com.obsqura.testscripts.LoginTest.loginwithValidusernameandInValidPassword(LoginTest.java:81)
at java.util.ArrayList.forEach(Unknown Source)
... Removed 32 stack frames]]>
    </failure>
  </testcase> <!-- loginwithValidusernameandInValidPassword -->
  <testcase name="loginwithValidusernameandValidPassword" time="0.666" classname="com.obsqura.testscripts.LoginTest"/>
  <testcase name="verifyLogo" time="0.696" classname="com.obsqura.testscripts.VerifyLogonameTest"/>
  <testcase name="VerifycolorofNew_Search_Resetbutton" time="1.706" classname="com.obsqura.testscripts.ExpenseCategoryTest"/>
  <testcase name="addandVerifyNewExpenceCategory" time="2.483" classname="com.obsqura.testscripts.ExpenseCategoryTest"/>
  <testcase name="resettheTitle" time="1.993" classname="com.obsqura.testscripts.ExpenseCategoryTest"/>
  <testcase name="verifySearchbutton" time="1.948" classname="com.obsqura.testscripts.ExpenseCategoryTest"/>
</testsuite> <!-- EdgeTest -->
