<?xml version="1.0" encoding="UTF-8"?>
<!-- Generated by org.testng.reporters.JUnitXMLReporter -->
<testsuite hostname="Preethy" ignored="0" name="Parallel tests" tests="8" failures="1" timestamp="2023-04-17T19:46:16 IST" time="0.097" errors="0">
  <testcase name="@BeforeMethod initilizeBrowser" time="-1.681740976209E9" classname="com.obsqura.testscripts.Base">
    <failure type="org.testng.TestNGException" message="
Parameter &amp;apos;browser&amp;apos; is required by BeforeMethod on method initilizeBrowser but has not been marked @Optional or defined
in E:\eclipse-workspace\SevenrmartSupermarket\parallel_classes_testng.xml">
      <![CDATA[org.testng.TestNGException: 
Parameter 'browser' is required by BeforeMethod on method initilizeBrowser but has not been marked @Optional or defined
in E:\eclipse-workspace\SevenrmartSupermarket\parallel_classes_testng.xml
at java.util.concurrent.ThreadPoolExecutor.runWorker(Unknown Source)
at java.util.concurrent.ThreadPoolExecutor$Worker.run(Unknown Source)
at java.lang.Thread.run(Unknown Source)
... Removed 13 stack frames]]>
    </failure>
  </testcase> <!-- @BeforeMethod initilizeBrowser -->
  <testcase name="@BeforeMethod initilizeBrowser" time="-1.681740976209E9" classname="com.obsqura.testscripts.Base">
    <failure type="org.testng.TestNGException" message="
Parameter &amp;apos;browser&amp;apos; is required by BeforeMethod on method initilizeBrowser but has not been marked @Optional or defined
in E:\eclipse-workspace\SevenrmartSupermarket\parallel_classes_testng.xml">
      <![CDATA[org.testng.TestNGException: 
Parameter 'browser' is required by BeforeMethod on method initilizeBrowser but has not been marked @Optional or defined
in E:\eclipse-workspace\SevenrmartSupermarket\parallel_classes_testng.xml
at java.util.concurrent.ThreadPoolExecutor.runWorker(Unknown Source)
at java.util.concurrent.ThreadPoolExecutor$Worker.run(Unknown Source)
at java.lang.Thread.run(Unknown Source)
... Removed 13 stack frames]]>
    </failure>
  </testcase> <!-- @BeforeMethod initilizeBrowser -->
  <testcase name="@AfterMethod browserQuit" time="0.001" classname="com.obsqura.testscripts.Base">
    <failure type="java.lang.NullPointerException">
      <![CDATA[java.lang.NullPointerException
at com.obsqura.testscripts.Base.browserQuit(Base.java:113)
at java.util.concurrent.ThreadPoolExecutor.runWorker(Unknown Source)
at java.util.concurrent.ThreadPoolExecutor$Worker.run(Unknown Source)
at java.lang.Thread.run(Unknown Source)
... Removed 17 stack frames]]>
    </failure>
  </testcase> <!-- @AfterMethod browserQuit -->
  <testcase name="@BeforeMethod initilizeBrowser" time="-1.681740976227E9" classname="com.obsqura.testscripts.Base">
    <failure type="org.testng.TestNGException" message="
Parameter &amp;apos;browser&amp;apos; is required by BeforeMethod on method initilizeBrowser but has not been marked @Optional or defined
in E:\eclipse-workspace\SevenrmartSupermarket\parallel_classes_testng.xml">
      <![CDATA[org.testng.TestNGException: 
Parameter 'browser' is required by BeforeMethod on method initilizeBrowser but has not been marked @Optional or defined
in E:\eclipse-workspace\SevenrmartSupermarket\parallel_classes_testng.xml
at java.util.concurrent.ThreadPoolExecutor.runWorker(Unknown Source)
at java.util.concurrent.ThreadPoolExecutor$Worker.run(Unknown Source)
at java.lang.Thread.run(Unknown Source)
... Removed 13 stack frames]]>
    </failure>
  </testcase> <!-- @BeforeMethod initilizeBrowser -->
  <testcase name="@AfterMethod browserQuit" time="0.002" classname="com.obsqura.testscripts.Base">
    <failure type="java.lang.NullPointerException">
      <![CDATA[java.lang.NullPointerException
at com.obsqura.testscripts.Base.browserQuit(Base.java:113)
at java.util.concurrent.ThreadPoolExecutor.runWorker(Unknown Source)
at java.util.concurrent.ThreadPoolExecutor$Worker.run(Unknown Source)
at java.lang.Thread.run(Unknown Source)
... Removed 17 stack frames]]>
    </failure>
  </testcase> <!-- @AfterMethod browserQuit -->
  <testcase name="@AfterMethod browserQuit" time="0.0" classname="com.obsqura.testscripts.Base">
    <failure type="java.lang.NullPointerException">
      <![CDATA[java.lang.NullPointerException
at com.obsqura.testscripts.Base.browserQuit(Base.java:113)
at java.util.concurrent.ThreadPoolExecutor.runWorker(Unknown Source)
at java.util.concurrent.ThreadPoolExecutor$Worker.run(Unknown Source)
at java.lang.Thread.run(Unknown Source)
... Removed 17 stack frames]]>
    </failure>
  </testcase> <!-- @AfterMethod browserQuit -->
  <testcase name="@BeforeMethod initilizeBrowser" time="-1.681740976236E9" classname="com.obsqura.testscripts.Base">
    <failure type="org.testng.TestNGException" message="
Parameter &amp;apos;browser&amp;apos; is required by BeforeMethod on method initilizeBrowser but has not been marked @Optional or defined
in E:\eclipse-workspace\SevenrmartSupermarket\parallel_classes_testng.xml">
      <![CDATA[org.testng.TestNGException: 
Parameter 'browser' is required by BeforeMethod on method initilizeBrowser but has not been marked @Optional or defined
in E:\eclipse-workspace\SevenrmartSupermarket\parallel_classes_testng.xml
at java.util.concurrent.ThreadPoolExecutor.runWorker(Unknown Source)
at java.util.concurrent.ThreadPoolExecutor$Worker.run(Unknown Source)
at java.lang.Thread.run(Unknown Source)
... Removed 13 stack frames]]>
    </failure>
  </testcase> <!-- @BeforeMethod initilizeBrowser -->
  <testcase name="@BeforeMethod initilizeBrowser" time="-1.681740976238E9" classname="com.obsqura.testscripts.Base">
    <failure type="org.testng.TestNGException" message="
Parameter &amp;apos;browser&amp;apos; is required by BeforeMethod on method initilizeBrowser but has not been marked @Optional or defined
in E:\eclipse-workspace\SevenrmartSupermarket\parallel_classes_testng.xml">
      <![CDATA[org.testng.TestNGException: 
Parameter 'browser' is required by BeforeMethod on method initilizeBrowser but has not been marked @Optional or defined
in E:\eclipse-workspace\SevenrmartSupermarket\parallel_classes_testng.xml
at java.util.concurrent.ThreadPoolExecutor.runWorker(Unknown Source)
at java.util.concurrent.ThreadPoolExecutor$Worker.run(Unknown Source)
at java.lang.Thread.run(Unknown Source)
... Removed 13 stack frames]]>
    </failure>
  </testcase> <!-- @BeforeMethod initilizeBrowser -->
  <testcase name="@AfterMethod browserQuit" time="0.0" classname="com.obsqura.testscripts.Base">
    <failure type="java.lang.NullPointerException">
      <![CDATA[java.lang.NullPointerException
at com.obsqura.testscripts.Base.browserQuit(Base.java:113)
at java.util.concurrent.ThreadPoolExecutor.runWorker(Unknown Source)
at java.util.concurrent.ThreadPoolExecutor$Worker.run(Unknown Source)
at java.lang.Thread.run(Unknown Source)
... Removed 17 stack frames]]>
    </failure>
  </testcase> <!-- @AfterMethod browserQuit -->
  <testcase name="@BeforeMethod initilizeBrowser" time="-1.681740976245E9" classname="com.obsqura.testscripts.Base">
    <failure type="org.testng.TestNGException" message="
Parameter &amp;apos;browser&amp;apos; is required by BeforeMethod on method initilizeBrowser but has not been marked @Optional or defined
in E:\eclipse-workspace\SevenrmartSupermarket\parallel_classes_testng.xml">
      <![CDATA[org.testng.TestNGException: 
Parameter 'browser' is required by BeforeMethod on method initilizeBrowser but has not been marked @Optional or defined
in E:\eclipse-workspace\SevenrmartSupermarket\parallel_classes_testng.xml
at java.util.concurrent.ThreadPoolExecutor.runWorker(Unknown Source)
at java.util.concurrent.ThreadPoolExecutor$Worker.run(Unknown Source)
at java.lang.Thread.run(Unknown Source)
... Removed 13 stack frames]]>
    </failure>
  </testcase> <!-- @BeforeMethod initilizeBrowser -->
  <testcase name="@AfterMethod browserQuit" time="0.002" classname="com.obsqura.testscripts.Base">
    <failure type="java.lang.NullPointerException">
      <![CDATA[java.lang.NullPointerException
at com.obsqura.testscripts.Base.browserQuit(Base.java:113)
at java.util.concurrent.ThreadPoolExecutor.runWorker(Unknown Source)
at java.util.concurrent.ThreadPoolExecutor$Worker.run(Unknown Source)
at java.lang.Thread.run(Unknown Source)
... Removed 17 stack frames]]>
    </failure>
  </testcase> <!-- @AfterMethod browserQuit -->
  <testcase name="@AfterMethod browserQuit" time="0.0" classname="com.obsqura.testscripts.Base">
    <failure type="java.lang.NullPointerException">
      <![CDATA[java.lang.NullPointerException
at com.obsqura.testscripts.Base.browserQuit(Base.java:113)
at java.util.concurrent.ThreadPoolExecutor.runWorker(Unknown Source)
at java.util.concurrent.ThreadPoolExecutor$Worker.run(Unknown Source)
at java.lang.Thread.run(Unknown Source)
... Removed 17 stack frames]]>
    </failure>
  </testcase> <!-- @AfterMethod browserQuit -->
  <testcase name="@BeforeMethod initilizeBrowser" time="-1.681740976255E9" classname="com.obsqura.testscripts.Base">
    <failure type="org.testng.TestNGException" message="
Parameter &amp;apos;browser&amp;apos; is required by BeforeMethod on method initilizeBrowser but has not been marked @Optional or defined
in E:\eclipse-workspace\SevenrmartSupermarket\parallel_classes_testng.xml">
      <![CDATA[org.testng.TestNGException: 
Parameter 'browser' is required by BeforeMethod on method initilizeBrowser but has not been marked @Optional or defined
in E:\eclipse-workspace\SevenrmartSupermarket\parallel_classes_testng.xml
at java.util.concurrent.ThreadPoolExecutor.runWorker(Unknown Source)
at java.util.concurrent.ThreadPoolExecutor$Worker.run(Unknown Source)
at java.lang.Thread.run(Unknown Source)
... Removed 13 stack frames]]>
    </failure>
  </testcase> <!-- @BeforeMethod initilizeBrowser -->
  <testcase name="@AfterMethod browserQuit" time="0.001" classname="com.obsqura.testscripts.Base">
    <failure type="java.lang.NullPointerException">
      <![CDATA[java.lang.NullPointerException
at com.obsqura.testscripts.Base.browserQuit(Base.java:113)
at java.util.concurrent.ThreadPoolExecutor.runWorker(Unknown Source)
at java.util.concurrent.ThreadPoolExecutor$Worker.run(Unknown Source)
at java.lang.Thread.run(Unknown Source)
... Removed 17 stack frames]]>
    </failure>
  </testcase> <!-- @AfterMethod browserQuit -->
  <testcase name="VerifycolorofNewSearchResetbutton" time="0.0" classname="com.obsqura.testscripts.ExpenseCategoryTest">
    <failure type="org.testng.TestNGException" message="
Parameter &amp;apos;New background color&amp;apos; is required by @Test on method VerifycolorofNewSearchResetbutton but has not been marked @Optional or defined
in E:\eclipse-workspace\SevenrmartSupermarket\parallel_classes_testng.xml">
      <![CDATA[org.testng.TestNGException: 
Parameter 'New background color' is required by @Test on method VerifycolorofNewSearchResetbutton but has not been marked @Optional or defined
in E:\eclipse-workspace\SevenrmartSupermarket\parallel_classes_testng.xml
at java.util.concurrent.ThreadPoolExecutor.runWorker(Unknown Source)
at java.util.concurrent.ThreadPoolExecutor$Worker.run(Unknown Source)
at java.lang.Thread.run(Unknown Source)
... Removed 11 stack frames]]>
    </failure>
  </testcase> <!-- VerifycolorofNewSearchResetbutton -->
  <testcase name="addandVerifyNewExpenceCategory" time="0.0" classname="com.obsqura.testscripts.ExpenseCategoryTest">
    <skipped/>
  </testcase> <!-- addandVerifyNewExpenceCategory -->
  <testcase name="loginwithValidusernameandPassword" time="0.0" classname="com.obsqura.testscripts.LoginTest">
    <skipped/>
  </testcase> <!-- loginwithValidusernameandPassword -->
  <testcase name="resettheTitle" time="0.0" classname="com.obsqura.testscripts.ExpenseCategoryTest">
    <skipped/>
  </testcase> <!-- resettheTitle -->
  <testcase name="loginwithValidusernameandPassword" time="0.0" classname="com.obsqura.testscripts.LoginTest">
    <skipped/>
  </testcase> <!-- loginwithValidusernameandPassword -->
  <testcase name="loginwithValidusernameandPassword" time="0.0" classname="com.obsqura.testscripts.LoginTest">
    <skipped/>
  </testcase> <!-- loginwithValidusernameandPassword -->
  <testcase name="verifySearchbutton" time="0.0" classname="com.obsqura.testscripts.ExpenseCategoryTest">
    <skipped/>
  </testcase> <!-- verifySearchbutton -->
  <testcase name="loginwithValidusernameandPassword" time="0.0" classname="com.obsqura.testscripts.LoginTest">
    <skipped/>
  </testcase> <!-- loginwithValidusernameandPassword -->
</testsuite> <!-- Parallel tests -->
