<html>
<head>
<title>TestNG:  Test</title>
<link href="../testng.css" rel="stylesheet" type="text/css" />
<link href="../my-testng.css" rel="stylesheet" type="text/css" />

<style type="text/css">
.log { display: none;} 
.stack-trace { display: none;} 
</style>
<script type="text/javascript">
<!--
function flip(e) {
  current = e.style.display;
  if (current == 'block') {
    e.style.display = 'none';
    return 0;
  }
  else {
    e.style.display = 'block';
    return 1;
  }
}

function toggleBox(szDivId, elem, msg1, msg2)
{
  var res = -1;  if (document.getElementById) {
    res = flip(document.getElementById(szDivId));
  }
  else if (document.all) {
    // this is the way old msie versions work
    res = flip(document.all[szDivId]);
  }
  if(elem) {
    if(res == 0) elem.innerHTML = msg1; else elem.innerHTML = msg2;
  }

}

function toggleAllBoxes() {
  if (document.getElementsByTagName) {
    d = document.getElementsByTagName('div');
    for (i = 0; i < d.length; i++) {
      if (d[i].className == 'log') {
        flip(d[i]);
      }
    }
  }
}

// -->
</script>

</head>
<body>
<h2 align='center'>Test</h2><table border='1' align="center">
<tr>
<td>Tests passed/Failed/Skipped:</td><td>33/0/1</td>
</tr><tr>
<td>Started on:</td><td>Sun May 07 01:16:19 IST 2023</td>
</tr>
<tr><td>Total time:</td><td>188 seconds (188383 ms)</td>
</tr><tr>
<td>Included groups:</td><td></td>
</tr><tr>
<td>Excluded groups:</td><td></td>
</tr>
</table><p/>
<small><i>(Hover the method name to see the test class name)</i></small><p/>
<table width='100%' border='1' class='invocation-passed'>
<tr><td colspan='4' align='center'><b>PASSED TESTS</b></td></tr>
<tr><td><b>Test method</b></td>
<td width="30%"><b>Exception</b></td>
<td width="10%"><b>Time (seconds)</b></td>
<td><b>Instance</b></td>
</tr>
<tr>
<td title='com.obsqura.testscripts.MobileSliderTest.validateTheUserCanAbleToViewTheAlertMessageAfterCreatingTheNewMobileSliderWhileClickOnSaveButton()'><b>validateTheUserCanAbleToViewTheAlertMessageAfterCreatingTheNewMobileSliderWhileClickOnSaveButton</b><br>Test class: com.obsqura.testscripts.MobileSliderTest</td>
<td></td>
<td>3</td>
<td>com.obsqura.testscripts.MobileSliderTest@68878f6d</td></tr>
<tr>
<td title='com.obsqura.testscripts.ManageFooterTextTest.verifyUserCanableToViewtheUpdatedFooterTextinformationinFooterTextTableafterClickingOnupdateButton()'><b>verifyUserCanableToViewtheUpdatedFooterTextinformationinFooterTextTableafterClickingOnupdateButton</b><br>Test class: com.obsqura.testscripts.ManageFooterTextTest</td>
<td></td>
<td>2</td>
<td>com.obsqura.testscripts.ManageFooterTextTest@4a07d605</td></tr>
<tr>
<td title='com.obsqura.testscripts.ManageCategorySubcategoryTest.verifyUserCanAbletoSeeTheAlertMessageafterAddingThenewSubCategoryinSubCategorypageWhileClickOnSaveButton()'><b>verifyUserCanAbletoSeeTheAlertMessageafterAddingThenewSubCategoryinSubCategorypageWhileClickOnSaveButton</b><br>Test class: com.obsqura.testscripts.ManageCategorySubcategoryTest</td>
<td></td>
<td>4</td>
<td>com.obsqura.testscripts.ManageCategorySubcategoryTest@61710c6</td></tr>
<tr>
<td title='com.obsqura.testscripts.VerifyLogonameTest.verifyUserCanAbletoViewLogoNameisAsPerExpectedLogoName()'><b>verifyUserCanAbletoViewLogoNameisAsPerExpectedLogoName</b><br>Test class: com.obsqura.testscripts.VerifyLogonameTest<br>Parameters: 7rmart supermarket</td>
<td></td>
<td>0</td>
<td>com.obsqura.testscripts.VerifyLogonameTest@a8ef162</td></tr>
<tr>
<td title='com.obsqura.testscripts.ManageCategorySubcategoryTest.validatetheNewlyAddedcategoryisShowinginCateegoryTableWhileClickOnSearchButton()'><b>validatetheNewlyAddedcategoryisShowinginCateegoryTableWhileClickOnSearchButton</b><br>Test class: com.obsqura.testscripts.ManageCategorySubcategoryTest</td>
<td></td>
<td>2</td>
<td>com.obsqura.testscripts.ManageCategorySubcategoryTest@61710c6</td></tr>
<tr>
<td title='com.obsqura.testscripts.ManageDeliveryBoyTest.ValidatesearchDeleiveryBoyDetailsisDisplayingInListDeliveryBoyTablebyEnteredPhoneonlyWhileClickingonSearchbutton()'><b>ValidatesearchDeleiveryBoyDetailsisDisplayingInListDeliveryBoyTablebyEnteredPhoneonlyWhileClickingonSearchbutton</b><br>Test class: com.obsqura.testscripts.ManageDeliveryBoyTest<br>Parameters: 1-645-907-0200</td>
<td></td>
<td>1</td>
<td>com.obsqura.testscripts.ManageDeliveryBoyTest@3214ee6</td></tr>
<tr>
<td title='com.obsqura.testscripts.ExpenseCategoryTest.verifyUserCanAbleToVisibleTheSearchedCategoryinCategoryListTablewhileClickOnSearchButton()'><b>verifyUserCanAbleToVisibleTheSearchedCategoryinCategoryListTablewhileClickOnSearchButton</b><br>Test class: com.obsqura.testscripts.ExpenseCategoryTest</td>
<td></td>
<td>1</td>
<td>com.obsqura.testscripts.ExpenseCategoryTest@4470fbd6</td></tr>
<tr>
<td title='com.obsqura.testscripts.ExpenseCategoryTest.verifyTheUserCanAbletoSeetheNewlyaddedExpenseinTableWhileClickonSaveButton()'><b>verifyTheUserCanAbletoSeetheNewlyaddedExpenseinTableWhileClickonSaveButton</b><br>Test class: com.obsqura.testscripts.ExpenseCategoryTest</td>
<td></td>
<td>2</td>
<td>com.obsqura.testscripts.ExpenseCategoryTest@4470fbd6</td></tr>
<tr>
<td title='com.obsqura.testscripts.ManageCategoryCategoryTest.VerifyUserCanAbletoVisibleTheAlertMessageAftrerSuccesfullAddingofnewCategoryinCategorypageWhileClickOnSaveButton()'><b>VerifyUserCanAbletoVisibleTheAlertMessageAftrerSuccesfullAddingofnewCategoryinCategorypageWhileClickOnSaveButton</b><br>Test class: com.obsqura.testscripts.ManageCategoryCategoryTest</td>
<td></td>
<td>4</td>
<td>com.obsqura.testscripts.ManageCategoryCategoryTest@45efd90f</td></tr>
<tr>
<td title='com.obsqura.testscripts.ManageLocationTest.ValidateTheSuccesfullAlertMessageIsDispalyedafteraddingTheNewLocationtotheManageLocationPage()'><b>ValidateTheSuccesfullAlertMessageIsDispalyedafteraddingTheNewLocationtotheManageLocationPage</b><br>Test class: com.obsqura.testscripts.ManageLocationTest</td>
<td></td>
<td>2</td>
<td>com.obsqura.testscripts.ManageLocationTest@74287ea3</td></tr>
<tr>
<td title='com.obsqura.testscripts.ManageCategoryCategoryTest.verifytheUserCanAbleToseetheManadatoryMessagewhileaddingnewCategorywithoutEnteringTheManadotoryfieldCategoryWhileClcikOnSaveButton()'><b>verifytheUserCanAbleToseetheManadatoryMessagewhileaddingnewCategorywithoutEnteringTheManadotoryfieldCategoryWhileClcikOnSaveButton</b><br>Test class: com.obsqura.testscripts.ManageCategoryCategoryTest</td>
<td></td>
<td>2</td>
<td>com.obsqura.testscripts.ManageCategoryCategoryTest@45efd90f</td></tr>
<tr>
<td title='com.obsqura.testscripts.ManageCategorySubcategoryTest.VerifyUserCanAbleToviewTheSearchedSubCategoryinListOfSubCategoryTablewhileclickonSearchButton()'><b>VerifyUserCanAbleToviewTheSearchedSubCategoryinListOfSubCategoryTablewhileclickonSearchButton</b><br>Test class: com.obsqura.testscripts.ManageCategorySubcategoryTest</td>
<td></td>
<td>2</td>
<td>com.obsqura.testscripts.ManageCategorySubcategoryTest@61710c6</td></tr>
<tr>
<td title='com.obsqura.testscripts.LoginTest.verifyTheUserCanAbletoLoginwithValidusernameandValidPasswordWhileClickonSignInButton()'><b>verifyTheUserCanAbletoLoginwithValidusernameandValidPasswordWhileClickonSignInButton</b><br>Test class: com.obsqura.testscripts.LoginTest<br>Parameters: admin, admin</td>
<td></td>
<td>0</td>
<td>com.obsqura.testscripts.LoginTest@7d9f158f</td></tr>
<tr>
<td title='com.obsqura.testscripts.ManageDeliveryBoyTest.verifyUserCanAbeltoViewtheNewlyAddedDeleiveryBoyDetailsinListOfDeliveryBoyTbleWhileClickOnSaveButton()'><b>verifyUserCanAbeltoViewtheNewlyAddedDeleiveryBoyDetailsinListOfDeliveryBoyTbleWhileClickOnSaveButton</b><br>Test class: com.obsqura.testscripts.ManageDeliveryBoyTest</td>
<td></td>
<td>3</td>
<td>com.obsqura.testscripts.ManageDeliveryBoyTest@3214ee6</td></tr>
<tr>
<td title='com.obsqura.testscripts.ManageOfferCodeTest.VerifyTheUserCanAbletoNavigateTheCorrespondingpageManageGiftcardVoucherPageWhileClickOnMoreInfoIcon()'><b>VerifyTheUserCanAbletoNavigateTheCorrespondingpageManageGiftcardVoucherPageWhileClickOnMoreInfoIcon</b><br>Test class: com.obsqura.testscripts.ManageOfferCodeTest</td>
<td></td>
<td>1</td>
<td>com.obsqura.testscripts.ManageOfferCodeTest@2bdd8394</td></tr>
<tr>
<td title='com.obsqura.testscripts.PushNotificationTest.verifyUserCanAbleToSeetheSuccesfullAlertMessageAfterSendingThePushNotificationBySendButton()'><b>verifyUserCanAbleToSeetheSuccesfullAlertMessageAfterSendingThePushNotificationBySendButton</b><br>Test class: com.obsqura.testscripts.PushNotificationTest</td>
<td></td>
<td>1</td>
<td>com.obsqura.testscripts.PushNotificationTest@41488b16</td></tr>
<tr>
<td title='com.obsqura.testscripts.ManageExpenseTest.verifytheuserCanviewtheExpectedHeadingsinExpenseDetailsTableHeadings()'><b>verifytheuserCanviewtheExpectedHeadingsinExpenseDetailsTableHeadings</b><br>Test class: com.obsqura.testscripts.ManageExpenseTest</td>
<td></td>
<td>1</td>
<td>com.obsqura.testscripts.ManageExpenseTest@383dc82c</td></tr>
<tr>
<td title='com.obsqura.testscripts.ManageExpenseTest.verifyWhethertheUserCanAbletoviewAlertMessageafterSuccesfulladdingofNewExpenseCategory()'><b>verifyWhethertheUserCanAbletoviewAlertMessageafterSuccesfulladdingofNewExpenseCategory</b><br>Test class: com.obsqura.testscripts.ManageExpenseTest</td>
<td></td>
<td>7</td>
<td>com.obsqura.testscripts.ManageExpenseTest@383dc82c</td></tr>
<tr>
<td title='com.obsqura.testscripts.ManagePaymentMethodsTest.verifyUserCanAbletoViewTheUpdatedPayLimitandTitleTogetherinManagePaymentmethodsTableWhileClickOnUpdateButton()'><b>verifyUserCanAbletoViewTheUpdatedPayLimitandTitleTogetherinManagePaymentmethodsTableWhileClickOnUpdateButton</b><br>Test class: com.obsqura.testscripts.ManagePaymentMethodsTest</td>
<td></td>
<td>2</td>
<td>com.obsqura.testscripts.ManagePaymentMethodsTest@68746f22</td></tr>
<tr>
<td title='com.obsqura.testscripts.PushNotificationTest.VerifyUserCAnAbletoSeetheDescrptionAndTitleFieldinBlankWhileClickOnResetButton()'><b>VerifyUserCAnAbletoSeetheDescrptionAndTitleFieldinBlankWhileClickOnResetButton</b><br>Test class: com.obsqura.testscripts.PushNotificationTest</td>
<td></td>
<td>2</td>
<td>com.obsqura.testscripts.PushNotificationTest@41488b16</td></tr>
<tr>
<td title='com.obsqura.testscripts.ManageDeliveryBoyTest.ValidatesearchDeleiveryBoyDetailsisDisplayingInListDeliveryBoyTablebyEnteredEmailonlyWhileClickingonSearchbutton()'><b>ValidatesearchDeleiveryBoyDetailsisDisplayingInListDeliveryBoyTablebyEnteredEmailonlyWhileClickingonSearchbutton</b><br>Test class: com.obsqura.testscripts.ManageDeliveryBoyTest<br>Parameters: bernetta.oberbrunner@yahoo.com</td>
<td></td>
<td>2</td>
<td>com.obsqura.testscripts.ManageDeliveryBoyTest@3214ee6</td></tr>
<tr>
<td title='com.obsqura.testscripts.ManagePaymentMethodsTest.tocheckAlertMessageisShowingafterSuccesfullupdateOfBothTitleandPayLimitinManagePaymentMethod()'><b>tocheckAlertMessageisShowingafterSuccesfullupdateOfBothTitleandPayLimitinManagePaymentMethod</b><br>Test class: com.obsqura.testscripts.ManagePaymentMethodsTest</td>
<td></td>
<td>2</td>
<td>com.obsqura.testscripts.ManagePaymentMethodsTest@68746f22</td></tr>
<tr>
<td title='com.obsqura.testscripts.ExpenseCategoryTest.ValidatetheColorOfNewSearchResetbuttonwithExpectedColor()'><b>ValidatetheColorOfNewSearchResetbuttonwithExpectedColor</b><br>Test class: com.obsqura.testscripts.ExpenseCategoryTest<br>Parameters: rgba(220, 53, 69, 1), rgba(0, 123, 255, 1), rgba(255, 193, 7, 1)</td>
<td></td>
<td>2</td>
<td>com.obsqura.testscripts.ExpenseCategoryTest@4470fbd6</td></tr>
<tr>
<td title='com.obsqura.testscripts.ManageDeliveryBoyTest.ValidateSearchDeleiveryBoyDetailsisDisplayingInListDeliveryBoyTablebyEnteredOnlyNameWhileClickingonSearchbutton()'><b>ValidateSearchDeleiveryBoyDetailsisDisplayingInListDeliveryBoyTablebyEnteredOnlyNameWhileClickingonSearchbutton</b><br>Test class: com.obsqura.testscripts.ManageDeliveryBoyTest<br>Parameters: Dillan</td>
<td></td>
<td>1</td>
<td>com.obsqura.testscripts.ManageDeliveryBoyTest@3214ee6</td></tr>
<tr>
<td title='com.obsqura.testscripts.ManageSliderTest.verifyUserCanAbletoViewTheAlertMessageafterAddingThenewListSlidersWhileClickOnSaveButon()'><b>verifyUserCanAbletoViewTheAlertMessageafterAddingThenewListSlidersWhileClickOnSaveButon</b><br>Test class: com.obsqura.testscripts.ManageSliderTest</td>
<td></td>
<td>4</td>
<td>com.obsqura.testscripts.ManageSliderTest@2f01783a</td></tr>
<tr>
<td title='com.obsqura.testscripts.ExpenseCategoryTest.verifytheUserCanAbletoseeTheTitleFieldIsBlankWhileClickOnResetButton()'><b>verifytheUserCanAbletoseeTheTitleFieldIsBlankWhileClickOnResetButton</b><br>Test class: com.obsqura.testscripts.ExpenseCategoryTest</td>
<td></td>
<td>1</td>
<td>com.obsqura.testscripts.ExpenseCategoryTest@4470fbd6</td></tr>
<tr>
<td title='com.obsqura.testscripts.ManageOfferCodeTest.verifyTheUserCanAbletoviewAlertMessageafterSuccesfullAddingOfNewOfferCodeinManageOfferCodePageWhileClickOnSaveButton()'><b>verifyTheUserCanAbletoviewAlertMessageafterSuccesfullAddingOfNewOfferCodeinManageOfferCodePageWhileClickOnSaveButton</b><br>Test class: com.obsqura.testscripts.ManageOfferCodeTest</td>
<td></td>
<td>2</td>
<td>com.obsqura.testscripts.ManageOfferCodeTest@2bdd8394</td></tr>
<tr>
<td title='com.obsqura.testscripts.ManagePaymentMethodsTest.verifyUserCanAbletoViewTheUpdatedTitleinManagePaymentmethodsTablesWhileClickOnUpdateButton()'><b>verifyUserCanAbletoViewTheUpdatedTitleinManagePaymentmethodsTablesWhileClickOnUpdateButton</b><br>Test class: com.obsqura.testscripts.ManagePaymentMethodsTest</td>
<td></td>
<td>2</td>
<td>com.obsqura.testscripts.ManagePaymentMethodsTest@68746f22</td></tr>
<tr>
<td title='com.obsqura.testscripts.ManageNewsTest.VerifyWhetherTheUserCanabletoViewAlertMessageAfterSusccesfullAddingofNewstoManageNewsPagewhileClickOnSaveButton()'><b>VerifyWhetherTheUserCanabletoViewAlertMessageAfterSusccesfullAddingofNewstoManageNewsPagewhileClickOnSaveButton</b><br>Test class: com.obsqura.testscripts.ManageNewsTest</td>
<td></td>
<td>2</td>
<td>com.obsqura.testscripts.ManageNewsTest@7d7758be</td></tr>
<tr>
<td title='com.obsqura.testscripts.ManagePaymentMethodsTest.verifyUserCanAbletoViewTheUpdatedPayLimitinManagePaymentmethodsTableWhileClickOnUpdateButton()'><b>verifyUserCanAbletoViewTheUpdatedPayLimitinManagePaymentmethodsTableWhileClickOnUpdateButton</b><br>Test class: com.obsqura.testscripts.ManagePaymentMethodsTest</td>
<td></td>
<td>1</td>
<td>com.obsqura.testscripts.ManagePaymentMethodsTest@68746f22</td></tr>
<tr>
<td title='com.obsqura.testscripts.ManageLocationTest.verifyUserCanAbletoViewThethelistofloactionbyCorrespondingSearchwithCountryandStatewhileClickonSearchButton()'><b>verifyUserCanAbletoViewThethelistofloactionbyCorrespondingSearchwithCountryandStatewhileClickonSearchButton</b><br>Test class: com.obsqura.testscripts.ManageLocationTest</td>
<td></td>
<td>2</td>
<td>com.obsqura.testscripts.ManageLocationTest@74287ea3</td></tr>
<tr>
<td title='com.obsqura.testscripts.ManageOfferCodeTest.ValidateTheSearchOfferCodeIsDispalyingInListOfferCodeTableWhileClickOnSearchButton()'><b>ValidateTheSearchOfferCodeIsDispalyingInListOfferCodeTableWhileClickOnSearchButton</b><br>Test class: com.obsqura.testscripts.ManageOfferCodeTest<br>Parameters: 1697</td>
<td></td>
<td>1</td>
<td>com.obsqura.testscripts.ManageOfferCodeTest@2bdd8394</td></tr>
<tr>
<td title='com.obsqura.testscripts.ManagePagesTest.checkWhethertheUserCanAbleToViewtheAlertMessageandAlsoCheckingtheDeletedItemIsShowingInTableAfterDeletingThePage()'><b>checkWhethertheUserCanAbleToViewtheAlertMessageandAlsoCheckingtheDeletedItemIsShowingInTableAfterDeletingThePage</b><br>Test class: com.obsqura.testscripts.ManagePagesTest</td>
<td></td>
<td>4</td>
<td>com.obsqura.testscripts.ManagePagesTest@5f9edf14</td></tr>
</table><p>
<table width='100%' border='1' class='invocation-skipped'>
<tr><td colspan='4' align='center'><b>SKIPPED TESTS</b></td></tr>
<tr><td><b>Test method</b></td>
<td width="30%"><b>Exception</b></td>
<td width="10%"><b>Time (seconds)</b></td>
<td><b>Instance</b></td>
</tr>
<tr>
<td title='com.obsqura.testscripts.ManageLocationTest.verifyUserCanAbletoViewThethelistofloactionbyCorrespondingSearchwithCountryandStatewhileClickonSearchButton()'><b>verifyUserCanAbletoViewThethelistofloactionbyCorrespondingSearchwithCountryandStatewhileClickonSearchButton</b><br>Test class: com.obsqura.testscripts.ManageLocationTest</td>
<td><div><pre>org.openqa.selenium.StaleElementReferenceException: stale element reference: element is not attached to the page document
  (Session info: MicrosoftEdge=112.0.1722.68)
For documentation on this error, please visit: https://selenium.dev/exceptions/#stale_element_reference
Build info: version: &apos;4.7.2&apos;, revision: &apos;4d4020c3b7&apos;
System info: os.name: &apos;Windows 10&apos;, os.arch: &apos;amd64&apos;, os.version: &apos;10.0&apos;, java.version: &apos;1.8.0_202&apos;
Driver info: org.openqa.selenium.edge.EdgeDriver
Command: [aa819240b2b60bb6e183d5aa947ad899, findChildElements {id=54711560-94fa-4812-b0b3-a880e2aba7e9, using=xpath, value=.//option[normalize-space(.) = &quot;England&quot;]}]
Capabilities {acceptInsecureCerts: false, browserName: msedge, browserVersion: 112.0.1722.68, ms:edgeOptions: {debuggerAddress: localhost:62359}, msedge: {msedgedriverVersion: 112.0.1722.71 (0dac4e4620b8..., userDataDir: C:\Users\Dell\AppData\Local...}, networkConnectionEnabled: false, pageLoadStrategy: normal, platformName: WINDOWS, proxy: Proxy(), se:cdp: ws://localhost:62359/devtoo..., se:cdpVersion: 112.0.1722.68, setWindowRect: true, strictFileInteractability: false, timeouts: {implicit: 0, pageLoad: 300000, script: 30000}, unhandledPromptBehavior: dismiss and notify, webauthn:extension:credBlob: true, webauthn:extension:largeBlob: true, webauthn:extension:minPinLength: true, webauthn:extension:prf: true, webauthn:virtualAuthenticators: true}
Session ID: aa819240b2b60bb6e183d5aa947ad899
	at org.openqa.selenium.remote.codec.w3c.W3CHttpResponseCodec.createException(W3CHttpResponseCodec.java:200)
	at org.openqa.selenium.remote.codec.w3c.W3CHttpResponseCodec.decode(W3CHttpResponseCodec.java:133)
	at org.openqa.selenium.remote.codec.w3c.W3CHttpResponseCodec.decode(W3CHttpResponseCodec.java:53)
	at org.openqa.selenium.remote.HttpCommandExecutor.execute(HttpCommandExecutor.java:184)
	at org.openqa.selenium.remote.service.DriverCommandExecutor.invokeExecute(DriverCommandExecutor.java:167)
	at org.openqa.selenium.remote.service.DriverCommandExecutor.execute(DriverCommandExecutor.java:142)
	at org.openqa.selenium.remote.RemoteWebDriver.execute(RemoteWebDriver.java:535)
	at org.openqa.selenium.remote.ElementLocation$ElementFinder$2.findElements(ElementLocation.java:179)
	at org.openqa.selenium.remote.ElementLocation.findElements(ElementLocation.java:102)
	at org.openqa.selenium.remote.RemoteWebDriver.findElements(RemoteWebDriver.java:366)
	at org.openqa.selenium.remote.RemoteWebElement.findElements(RemoteWebElement.java:219)
	at org.openqa.selenium.support.pagefactory.internal.LocatingElementHandler.invoke(LocatingElementHandler.java:52)
	at com.sun.proxy.$Proxy21.findElements(Unknown Source)
	at org.openqa.selenium.support.ui.Select.selectByVisibleText(Select.java:116)
	at Utilities.PageUtility.selectDropdownbyText(PageUtility.java:63)
	at com.obsqura.pages.ManageLocationPage.selectStateDropdownforSearch(ManageLocationPage.java:83)
	at com.obsqura.testscripts.ManageLocationTest.verifyUserCanAbletoViewThethelistofloactionbyCorrespondingSearchwithCountryandStatewhileClickonSearchButton(ManageLocationTest.java:46)
	at java.util.ArrayList.forEach(ArrayList.java:1257)
... Removed 35 stack frames</pre></div><a href='#' onClick='toggleBox("stack-trace1734934842", this, "Click to show all stack frames", "Click to hide stack frames")'>Click to show all stack frames</a>
<div class='stack-trace' id='stack-trace1734934842'><pre>org.openqa.selenium.StaleElementReferenceException: stale element reference: element is not attached to the page document
  (Session info: MicrosoftEdge=112.0.1722.68)
For documentation on this error, please visit: https://selenium.dev/exceptions/#stale_element_reference
Build info: version: &apos;4.7.2&apos;, revision: &apos;4d4020c3b7&apos;
System info: os.name: &apos;Windows 10&apos;, os.arch: &apos;amd64&apos;, os.version: &apos;10.0&apos;, java.version: &apos;1.8.0_202&apos;
Driver info: org.openqa.selenium.edge.EdgeDriver
Command: [aa819240b2b60bb6e183d5aa947ad899, findChildElements {id=54711560-94fa-4812-b0b3-a880e2aba7e9, using=xpath, value=.//option[normalize-space(.) = &quot;England&quot;]}]
Capabilities {acceptInsecureCerts: false, browserName: msedge, browserVersion: 112.0.1722.68, ms:edgeOptions: {debuggerAddress: localhost:62359}, msedge: {msedgedriverVersion: 112.0.1722.71 (0dac4e4620b8..., userDataDir: C:\Users\Dell\AppData\Local...}, networkConnectionEnabled: false, pageLoadStrategy: normal, platformName: WINDOWS, proxy: Proxy(), se:cdp: ws://localhost:62359/devtoo..., se:cdpVersion: 112.0.1722.68, setWindowRect: true, strictFileInteractability: false, timeouts: {implicit: 0, pageLoad: 300000, script: 30000}, unhandledPromptBehavior: dismiss and notify, webauthn:extension:credBlob: true, webauthn:extension:largeBlob: true, webauthn:extension:minPinLength: true, webauthn:extension:prf: true, webauthn:virtualAuthenticators: true}
Session ID: aa819240b2b60bb6e183d5aa947ad899
	at sun.reflect.NativeConstructorAccessorImpl.newInstance0(Native Method)
	at sun.reflect.NativeConstructorAccessorImpl.newInstance(NativeConstructorAccessorImpl.java:62)
	at sun.reflect.DelegatingConstructorAccessorImpl.newInstance(DelegatingConstructorAccessorImpl.java:45)
	at java.lang.reflect.Constructor.newInstance(Constructor.java:423)
	at org.openqa.selenium.remote.codec.w3c.W3CHttpResponseCodec.createException(W3CHttpResponseCodec.java:200)
	at org.openqa.selenium.remote.codec.w3c.W3CHttpResponseCodec.decode(W3CHttpResponseCodec.java:133)
	at org.openqa.selenium.remote.codec.w3c.W3CHttpResponseCodec.decode(W3CHttpResponseCodec.java:53)
	at org.openqa.selenium.remote.HttpCommandExecutor.execute(HttpCommandExecutor.java:184)
	at org.openqa.selenium.remote.service.DriverCommandExecutor.invokeExecute(DriverCommandExecutor.java:167)
	at org.openqa.selenium.remote.service.DriverCommandExecutor.execute(DriverCommandExecutor.java:142)
	at org.openqa.selenium.remote.RemoteWebDriver.execute(RemoteWebDriver.java:535)
	at org.openqa.selenium.remote.ElementLocation$ElementFinder$2.findElements(ElementLocation.java:179)
	at org.openqa.selenium.remote.ElementLocation.findElements(ElementLocation.java:102)
	at org.openqa.selenium.remote.RemoteWebDriver.findElements(RemoteWebDriver.java:366)
	at org.openqa.selenium.remote.RemoteWebElement.findElements(RemoteWebElement.java:219)
	at sun.reflect.NativeMethodAccessorImpl.invoke0(Native Method)
	at sun.reflect.NativeMethodAccessorImpl.invoke(NativeMethodAccessorImpl.java:62)
	at sun.reflect.DelegatingMethodAccessorImpl.invoke(DelegatingMethodAccessorImpl.java:43)
	at java.lang.reflect.Method.invoke(Method.java:498)
	at org.openqa.selenium.support.pagefactory.internal.LocatingElementHandler.invoke(LocatingElementHandler.java:52)
	at com.sun.proxy.$Proxy21.findElements(Unknown Source)
	at org.openqa.selenium.support.ui.Select.selectByVisibleText(Select.java:116)
	at Utilities.PageUtility.selectDropdownbyText(PageUtility.java:63)
	at com.obsqura.pages.ManageLocationPage.selectStateDropdownforSearch(ManageLocationPage.java:83)
	at com.obsqura.testscripts.ManageLocationTest.verifyUserCanAbletoViewThethelistofloactionbyCorrespondingSearchwithCountryandStatewhileClickonSearchButton(ManageLocationTest.java:46)
	at sun.reflect.NativeMethodAccessorImpl.invoke0(Native Method)
	at sun.reflect.NativeMethodAccessorImpl.invoke(NativeMethodAccessorImpl.java:62)
	at sun.reflect.DelegatingMethodAccessorImpl.invoke(DelegatingMethodAccessorImpl.java:43)
	at java.lang.reflect.Method.invoke(Method.java:498)
	at org.testng.internal.MethodInvocationHelper.invokeMethod(MethodInvocationHelper.java:133)
	at org.testng.internal.TestInvoker.invokeMethod(TestInvoker.java:598)
	at org.testng.internal.TestInvoker.invokeTestMethod(TestInvoker.java:173)
	at org.testng.internal.MethodRunner.runInSequence(MethodRunner.java:46)
	at org.testng.internal.TestInvoker$MethodInvocationAgent.invoke(TestInvoker.java:824)
	at org.testng.internal.TestInvoker.invokeTestMethods(TestInvoker.java:146)
	at org.testng.internal.TestMethodWorker.invokeTestMethods(TestMethodWorker.java:146)
	at org.testng.internal.TestMethodWorker.run(TestMethodWorker.java:128)
	at java.util.ArrayList.forEach(ArrayList.java:1257)
	at org.testng.TestRunner.privateRun(TestRunner.java:794)
	at org.testng.TestRunner.run(TestRunner.java:596)
	at org.testng.SuiteRunner.runTest(SuiteRunner.java:377)
	at org.testng.SuiteRunner.runSequentially(SuiteRunner.java:371)
	at org.testng.SuiteRunner.privateRun(SuiteRunner.java:332)
	at org.testng.SuiteRunner.run(SuiteRunner.java:276)
	at org.testng.SuiteRunnerWorker.runSuite(SuiteRunnerWorker.java:53)
	at org.testng.SuiteRunnerWorker.run(SuiteRunnerWorker.java:96)
	at org.testng.TestNG.runSuitesSequentially(TestNG.java:1212)
	at org.testng.TestNG.runSuitesLocally(TestNG.java:1134)
	at org.testng.TestNG.runSuites(TestNG.java:1063)
	at org.testng.TestNG.run(TestNG.java:1031)
	at org.testng.remote.AbstractRemoteTestNG.run(AbstractRemoteTestNG.java:115)
	at org.testng.remote.RemoteTestNG.initAndRun(RemoteTestNG.java:251)
	at org.testng.remote.RemoteTestNG.main(RemoteTestNG.java:77)
</pre></div></td>
<td>1</td>
<td>com.obsqura.testscripts.ManageLocationTest@74287ea3</td></tr>
</table><p>
</body>
</html>